\BOOKMARK [0][-]{titelblad.0}{Titelblad}{}% 1
\BOOKMARK [0][-]{chapter.1}{Introduction}{}% 2
\BOOKMARK [0][-]{chapter.2}{Method}{}% 3
\BOOKMARK [1][-]{section.2.1}{Transformation between units}{chapter.2}% 4
\BOOKMARK [1][-]{section.2.2}{Newtonian two-body problem and greater systems in three dimension}{chapter.2}% 5
\BOOKMARK [2][-]{subsection.2.2.1}{Velocity-Verlet method}{section.2.2}% 6
\BOOKMARK [2][-]{subsection.2.2.2}{Fourth Order Runge-Kutta Method}{section.2.2}% 7
\BOOKMARK [2][-]{subsection.2.2.3}{A smoothing function}{section.2.2}% 8
\BOOKMARK [1][-]{section.2.3}{Generating Mass and Position for Cluster Particles}{chapter.2}% 9
\BOOKMARK [2][-]{subsection.2.3.1}{Gaussian Distributed Mass}{section.2.3}% 10
\BOOKMARK [2][-]{subsection.2.3.2}{Uniformly Distributed Position}{section.2.3}% 11
\BOOKMARK [1][-]{section.2.4}{Computing the Energy}{chapter.2}% 12
\BOOKMARK [0][-]{chapter.3}{Results and Discussion}{}% 13
\BOOKMARK [1][-]{section.3.1}{Stability of the 2-body System using Runge-Kutta and Velocity-Verlet}{chapter.3}% 14
\BOOKMARK [1][-]{section.3.2}{Testing Runge-Kutta and Velocity-Verlet for Sun-Earth-Mars System}{chapter.3}% 15
\BOOKMARK [1][-]{section.3.3}{Time Step Length in the N-body Problem}{chapter.3}% 16
\BOOKMARK [1][-]{section.3.4}{Stability and Equilibrium of N=100 System}{chapter.3}% 17
\BOOKMARK [1][-]{section.3.5}{Energy of the N-body Runge-Kutta Method}{chapter.3}% 18
\BOOKMARK [1][-]{section.3.6}{Distribution of Potential and Kinetic Energy of Bound Particles after a Finite Time}{chapter.3}% 19
\BOOKMARK [1][-]{section.3.7}{The Dependence of Number of Particles on Radial Distribution}{chapter.3}% 20
\BOOKMARK [0][-]{chapter.4}{Conclusion}{}% 21
\BOOKMARK [0][-]{section*.27}{Bibliography}{}% 22
