This is pdfTeX, Version 3.1415926-2.4-1.40.13 (MiKTeX 2.9 64-bit) (preloaded format=pdflatex 2013.8.26)  11 DEC 2015 18:21
entering extended mode
**Report.tex
(C:\Users\Birgitte\Documents\GitHub\Project5\Report_project5\Report.tex
LaTeX2e <2011/06/27>
Babel <v3.8m> and hyphenation patterns for english, afrikaans, ancientgreek, ar
abic, armenian, assamese, basque, bengali, bokmal, bulgarian, catalan, coptic, 
croatian, czech, danish, dutch, esperanto, estonian, farsi, finnish, french, ga
lician, german, german-x-2012-05-30, greek, gujarati, hindi, hungarian, iceland
ic, indonesian, interlingua, irish, italian, kannada, kurmanji, latin, latvian,
 lithuanian, malayalam, marathi, mongolian, mongolianlmc, monogreek, ngerman, n
german-x-2012-05-30, nynorsk, oriya, panjabi, pinyin, polish, portuguese, roman
ian, russian, sanskrit, serbian, slovak, slovenian, spanish, swedish, swissgerm
an, tamil, telugu, turkish, turkmen, ukenglish, ukrainian, uppersorbian, usengl
ishmax, welsh, loaded.
(C:\Users\Birgitte\Documents\GitHub\Project5\Report_project5\preamble.tex
("C:\Program Files\MiKTeX 2.9\tex\latex\memoir\memoir.cls"
Document Class: memoir 2013/05/30 v3.7b configurable book, report, article docu
ment class
\onelineskip=\skip41
\lxvchars=\skip42
\xlvchars=\skip43
\@memcnta=\count79
\c@@memmarkcntra=\count80
\l@nohyphenation=\language69
("C:\Program Files\MiKTeX 2.9\tex\generic\oberdiek\ifpdf.sty"
Package: ifpdf 2011/01/30 v2.3 Provides the ifpdf switch (HO)
Package ifpdf Info: pdfTeX in PDF mode is detected.
)
("C:\Program Files\MiKTeX 2.9\tex\latex\ifetex\ifetex.sty"
Package: ifetex 2011/12/15 v1.2 ifetex

("C:\Program Files\MiKTeX 2.9\tex\plain\ifetex\ifetex.tex"))
("C:\Program Files\MiKTeX 2.9\tex\generic\ifxetex\ifxetex.sty"
Package: ifxetex 2010/09/12 v0.6 Provides ifxetex conditional
)
("C:\Program Files\MiKTeX 2.9\tex\generic\oberdiek\ifluatex.sty"
Package: ifluatex 2010/03/01 v1.3 Provides the ifluatex switch (HO)
Package ifluatex Info: LuaTeX not detected.
)
\stockheight=\skip44
\stockwidth=\skip45
\trimtop=\skip46
\trimedge=\skip47

("C:\Program Files\MiKTeX 2.9\tex\latex\base\fleqn.clo"
File: fleqn.clo 1998/08/17 v1.1c Standard LaTeX option (flush left equations)
\mathindent=\dimen102
)
("C:\Program Files\MiKTeX 2.9\tex\latex\misc\etex.sty"
Package: etex 1998/03/26 v2.0 eTeX basic definition package (PEB)
\et@xins=\count81
)
("C:\Program Files\MiKTeX 2.9\tex\latex\memoir\mem11.clo"
File: mem11.clo 2008/01/30 v0.3 memoir class 11pt size option
)
\binding=\skip48
\spinemargin=\skip49
\foremargin=\skip50
\uppermargin=\skip51
\lowermargin=\skip52
\headdrop=\skip53
\normalrulethickness=\skip54
\mem@maxheadheight=\skip55
\mem@maxfootheight=\skip56
\headwidth=\skip57
\c@storedpagenumber=\count82
\memPD=\dimen103
\m@mabparskip=\skip58
\thanksmarkwidth=\skip59
\thanksmarksep=\skip60
\droptitle=\skip61
\c@book=\count83
\c@part=\count84
\c@chapter=\count85
\c@section=\count86
\c@subsection=\count87
\c@subsubsection=\count88
\c@paragraph=\count89
\c@subparagraph=\count90
\beforechapskip=\skip62
\midchapskip=\skip63
\afterchapskip=\skip64
\chapindent=\skip65
\bottomsectionskip=\skip66
\secindent=\skip67
\beforesecskip=\skip68
\aftersecskip=\skip69
\subsecindent=\skip70
\beforesubsecskip=\skip71
\aftersubsecskip=\skip72
\subsubsecindent=\skip73
\beforesubsubsecskip=\skip74
\aftersubsubsecskip=\skip75
\paraindent=\skip76
\beforeparaskip=\skip77
\afterparaskip=\skip78
\subparaindent=\skip79
\beforesubparaskip=\skip80
\aftersubparaskip=\skip81
\pfbreakskip=\skip82
\c@@ppsavesec=\count91
\c@@ppsaveapp=\count92
\ragrparindent=\dimen104
\everylistparindent=\dimen105
\parsepi=\skip83
\topsepi=\skip84
\itemsepi=\skip85
\parsepii=\skip86
\topsepii=\skip87
\topsepiii=\skip88
\itemsepii=\skip89
\itemsepiii=\skip90
\partopsepii=\skip91
\partopsepiii=\skip92
\m@msavetopsep=\skip93
\m@msavepartopsep=\skip94
\@enLab=\toks14
\abstitleskip=\skip95
\absleftindent=\skip96
\abs@leftindent=\dimen106
\absrightindent=\skip97
\absparindent=\skip98
\absparsep=\skip99
\c@vslineno=\count93
\c@poemline=\count94
\c@modulo@vs=\count95
\c@memfvsline=\count96
\vleftskip=\skip100
\vrightskip=\skip101
\stanzaskip=\skip102
\versewidth=\skip103
\vgap=\skip104
\vindent=\skip105
\vleftmargin=\dimen107
\c@verse=\count97
\c@chrsinstr=\count98
\beforepoemtitleskip=\skip106
\afterpoemtitleskip=\skip107
\c@poem=\count99
\beforePoemTitleskip=\skip108
\midPoemTitleskip=\skip109
\afterPoemTitleskip=\skip110
\col@sep=\dimen108
\extrarowheight=\dimen109
\NC@list=\toks15
\extratabsurround=\skip111
\backup@length=\skip112
\TX@col@width=\dimen110
\TX@old@table=\dimen111
\TX@old@col=\dimen112
\TX@target=\dimen113
\TX@delta=\dimen114
\TX@cols=\count100
\TX@ftn=\toks16
\heavyrulewidth=\dimen115
\lightrulewidth=\dimen116
\cmidrulewidth=\dimen117
\belowrulesep=\dimen118
\belowbottomsep=\dimen119
\aboverulesep=\dimen120
\abovetopsep=\dimen121
\cmidrulesep=\dimen122
\cmidrulekern=\dimen123
\defaultaddspace=\dimen124
\@cmidla=\count101
\@cmidlb=\count102
\@aboverulesep=\dimen125
\@belowrulesep=\dimen126
\@thisruleclass=\count103
\@lastruleclass=\count104
\@thisrulewidth=\dimen127
\ctableftskip=\skip113
\ctabrightskip=\skip114
\abovecolumnspenalty=\count105
\@linestogo=\count106
\@cellstogo=\count107
\@cellsincolumn=\count108
\crtok=\toks17
\@mincolumnwidth=\dimen128
\c@newflo@tctr=\count109
\mem@margin@floatbox=\box26
\@contcwidth=\skip115
\@contindw=\skip116
\abovecaptionskip=\skip117
\belowcaptionskip=\skip118
\subfloattopskip=\skip119
\subfloatcapskip=\skip120
\subfloatcaptopadj=\skip121
\subfloatbottomskip=\skip122
\subfloatlabelskip=\skip123
\subfloatcapmargin=\dimen129
\c@@contsubnum=\count110
\m@mscap@capbox=\box27
\m@mscap@fbox=\box28
\sidecapsep=\dimen130
\sidecapwidth=\dimen131
\m@m@tempdima=\dimen132
\m@mscapraise=\dimen133
\sidecapraise=\dimen134
\m@mscapmainwidth=\dimen135
\m@mscaplkern=\dimen136
\beforeepigraphskip=\skip124
\afterepigraphskip=\skip125
\epigraphwidth=\skip126
\epigraphrule=\skip127
LaTeX Info: Redefining \em on input line 7492.
LaTeX Info: Redefining \emph on input line 7500.
\tocentryskip=\skip128
\tocbaseline=\skip129
\cftparskip=\skip130
\cftbeforebookskip=\skip131
\cftbookindent=\dimen137
\cftbooknumwidth=\dimen138
\cftbeforepartskip=\skip132
\cftpartindent=\skip133
\cftpartnumwidth=\skip134
\cftbeforechapterskip=\skip135
\cftchapterindent=\skip136
\cftchapternumwidth=\skip137
\cftbeforesectionskip=\skip138
\cftsectionindent=\skip139
\cftsectionnumwidth=\skip140
\cftbeforesubsectionskip=\skip141
\cftsubsectionindent=\skip142
\cftsubsectionnumwidth=\skip143
\cftbeforesubsubsectionskip=\skip144
\cftsubsubsectionindent=\skip145
\cftsubsubsectionnumwidth=\skip146
\cftbeforeparagraphskip=\skip147
\cftparagraphindent=\skip148
\cftparagraphnumwidth=\skip149
\cftbeforesubparagraphskip=\skip150
\cftsubparagraphindent=\skip151
\cftsubparagraphnumwidth=\skip152
\prechapterprecisshift=\dimen139
\c@maxsecnumdepth=\count111
\bibindent=\dimen140
\bibitemsep=\skip153
\indexcolsep=\skip154
\indexrule=\skip155
\indexmarkstyle=\toks18
\@indexbox=\insert233
\glossarycolsep=\dimen141
\glossaryrule=\dimen142
\sideparvshift=\skip156
\sideins=\insert232
\sidebartopsep=\skip157
\sidebarhsep=\skip158
\sidebarvsep=\skip159
\sidebarwidth=\skip160
\footmarkwidth=\skip161
\footmarksep=\skip162
\footparindent=\skip163
\footinsdim=\skip164
\footinsv@r=\insert231
\@mpfootinsv@r=\insert230
\m@m@k=\count112
\m@m@h=\dimen143
\m@mipn@skip=\skip165
\sidefootins=\insert229
\sidefootadjust=\skip166
\sidefootheight=\skip167
\sidefoothsep=\skip168
\sidefootvsep=\skip169
\sidefootwidth=\skip170
\m@mdownsf=\skip171
\c@sidefootnote=\count113
\sidefootmarkwidth=\skip172
\sidefootmarksep=\skip173
\sidefootparindent=\skip174
\c@pagenote=\count114
\c@pagenoteshadow=\count115
\mem@pn@lastkern=\skip175
\every@verbatim=\toks19
\afterevery@verbatim=\toks20
\verbatim@line=\toks21
\tab@position=\count116
\verbatim@in@stream=\read1
\verbatimindent=\skip176
\verbatim@out=\write3
\bvboxsep=\skip177
\c@memfbvline=\count117
\c@bvlinectr=\count118
\bvnumlength=\skip178
\fb@frw=\dimen144
\fb@frh=\dimen145
\FrameRule=\dimen146
\FrameSep=\dimen147
\c@cp@cntr=\count119
LaTeX Info: Redefining \: on input line 11958.
LaTeX Info: Redefining \! on input line 11960.
\c@ism@mctr=\count120
\c@xsm@mctr=\count121
\c@csm@mctr=\count122
\c@ksm@mctr=\count123
\c@xksm@mctr=\count124
\c@cksm@mctr=\count125
\c@msm@mctr=\count126
\c@xmsm@mctr=\count127
\c@cmsm@mctr=\count128
\c@bsm@mctr=\count129
\c@workm@mctr=\count130
\c@sheetsequence=\count131
\c@lastsheet=\count132
\c@lastpage=\count133
\c@figure=\count134
\c@lofdepth=\count135
\cftbeforefigureskip=\skip179
\cftfigureindent=\skip180
\cftfigurenumwidth=\skip181
\c@table=\count136
\c@lotdepth=\count137
\cftbeforetableskip=\skip182
\cfttableindent=\skip183
\cfttablenumwidth=\skip184
Package abstract [2008/07/23] emulated by memoir.
Package appendix [2008/07/23] emulated by memoir.
Package array [2008/09/09] emulated by memoir.
Package booktabs [2008/07/23] emulated by memoir.
Package ccaption [2008/07/23] emulated by memoir.
Package changepage [2008/07/23] emulated by memoir.
Package chngcntr [2008/07/23] emulated by memoir.
Package chngpage [2008/07/23] emulated by memoir.
Package crop emulated by memoir.
Package dcolumn [2008/07/23] emulated by memoir.
Package delarray [2008/07/23] emulated by memoir.
Package enumerate [2008/07/23] emulated by memoir.
Package epigraph [2008/07/23] emulated by memoir.
Package ifmtarg [2008/07/23] emulated by memoir.
Package index [2008/07/23] emulated by memoir.
Package makeidx [2008/07/23] emulated by memoir.
Package moreverb [2008/07/23] emulated by memoir.
Package mparhack [2008/07/23] emulated by memoir.
Package needspace [2008/07/23] emulated by memoir.
Package newfile [2008/07/23] emulated by memoir.
Package nextpage [2008/07/23] emulated by memoir.
Package pagenote [2008/07/23] emulated by memoir.
Package parskip [2008/07/23] emulated by memoir.
Package patchcmd [2008/07/23] emulated by memoir.
Package setspace [2008/07/23] emulated by memoir.
Package shortvrb [2008/07/23] emulated by memoir.
Package showidx [2008/07/23] emulated by memoir.
Package tabularx [2008/07/23] emulated by memoir.
Package titleref [2008/07/23] emulated by memoir.
Package titling [2008/07/23] emulated by memoir.
Package tocbibind [2008/07/23] emulated by memoir.
Package tocloft [2008/07/23] emulated by memoir.
Package tocvsec2 [2008/07/23] emulated by memoir.
Package verbatim [2008/07/23] emulated by memoir.
Package verse [2008/07/23] emulated by memoir.

("C:\Program Files\MiKTeX 2.9\tex\latex\memoir\mempatch.sty"
Package: mempatch 2009/07/24 v6.0f Patches for memoir class v1.6180339
))
("C:\Program Files\MiKTeX 2.9\tex\generic\babel\babel.sty"
Package: babel 2008/07/08 v3.8m The Babel package

*************************************
* Local config file bblopts.cfg used
*
("C:\Program Files\MiKTeX 2.9\tex\latex\00miktex\bblopts.cfg"
File: bblopts.cfg 2006/07/31 v1.0 MiKTeX 'babel' configuration
)
("C:\Program Files\MiKTeX 2.9\tex\generic\babel\english.ldf"
Language: english 2005/03/30 v3.3o English support from the babel system

("C:\Program Files\MiKTeX 2.9\tex\generic\babel\babel.def"
File: babel.def 2008/07/08 v3.8m Babel common definitions
\babel@savecnt=\count138
\U@D=\dimen148
)
\l@canadian = a dialect from \language\l@american 
\l@australian = a dialect from \language\l@british 
\l@newzealand = a dialect from \language\l@british 
))
("C:\Program Files\MiKTeX 2.9\tex\latex\psnfss\mathptmx.sty"
Package: mathptmx 2005/04/12 PSNFSS-v9.2a Times w/ Math, improved (SPQR, WaS) 
LaTeX Font Info:    Redeclaring symbol font `operators' on input line 28.
LaTeX Font Info:    Overwriting symbol font `operators' in version `normal'
(Font)                  OT1/cmr/m/n --> OT1/ztmcm/m/n on input line 28.
LaTeX Font Info:    Overwriting symbol font `operators' in version `bold'
(Font)                  OT1/cmr/bx/n --> OT1/ztmcm/m/n on input line 28.
LaTeX Font Info:    Redeclaring symbol font `letters' on input line 29.
LaTeX Font Info:    Overwriting symbol font `letters' in version `normal'
(Font)                  OML/cmm/m/it --> OML/ztmcm/m/it on input line 29.
LaTeX Font Info:    Overwriting symbol font `letters' in version `bold'
(Font)                  OML/cmm/b/it --> OML/ztmcm/m/it on input line 29.
LaTeX Font Info:    Redeclaring symbol font `symbols' on input line 30.
LaTeX Font Info:    Overwriting symbol font `symbols' in version `normal'
(Font)                  OMS/cmsy/m/n --> OMS/ztmcm/m/n on input line 30.
LaTeX Font Info:    Overwriting symbol font `symbols' in version `bold'
(Font)                  OMS/cmsy/b/n --> OMS/ztmcm/m/n on input line 30.
LaTeX Font Info:    Redeclaring symbol font `largesymbols' on input line 31.
LaTeX Font Info:    Overwriting symbol font `largesymbols' in version `normal'
(Font)                  OMX/cmex/m/n --> OMX/ztmcm/m/n on input line 31.
LaTeX Font Info:    Overwriting symbol font `largesymbols' in version `bold'
(Font)                  OMX/cmex/m/n --> OMX/ztmcm/m/n on input line 31.
\symbold=\mathgroup4
\symitalic=\mathgroup5
LaTeX Font Info:    Redeclaring math alphabet \mathbf on input line 34.
LaTeX Font Info:    Overwriting math alphabet `\mathbf' in version `normal'
(Font)                  OT1/cmr/bx/n --> OT1/ptm/bx/n on input line 34.
LaTeX Font Info:    Overwriting math alphabet `\mathbf' in version `bold'
(Font)                  OT1/cmr/bx/n --> OT1/ptm/bx/n on input line 34.
LaTeX Font Info:    Redeclaring math alphabet \mathit on input line 35.
LaTeX Font Info:    Overwriting math alphabet `\mathit' in version `normal'
(Font)                  OT1/cmr/m/it --> OT1/ptm/m/it on input line 35.
LaTeX Font Info:    Overwriting math alphabet `\mathit' in version `bold'
(Font)                  OT1/cmr/bx/it --> OT1/ptm/m/it on input line 35.
LaTeX Info: Redefining \hbar on input line 50.
)
("C:\Program Files\MiKTeX 2.9\tex\latex\base\latexsym.sty"
Package: latexsym 1998/08/17 v2.2e Standard LaTeX package (lasy symbols)
\symlasy=\mathgroup6
LaTeX Font Info:    Overwriting symbol font `lasy' in version `bold'
(Font)                  U/lasy/m/n --> U/lasy/b/n on input line 47.
)
("C:\Program Files\MiKTeX 2.9\tex\latex\xcolor\xcolor.sty"
Package: xcolor 2007/01/21 v2.11 LaTeX color extensions (UK)

("C:\Program Files\MiKTeX 2.9\tex\latex\00miktex\color.cfg"
File: color.cfg 2007/01/18 v1.5 color configuration of teTeX/TeXLive
)
Package xcolor Info: Driver file: pdftex.def on input line 225.

("C:\Program Files\MiKTeX 2.9\tex\latex\pdftex-def\pdftex.def"
File: pdftex.def 2011/05/27 v0.06d Graphics/color for pdfTeX

("C:\Program Files\MiKTeX 2.9\tex\generic\oberdiek\infwarerr.sty"
Package: infwarerr 2010/04/08 v1.3 Providing info/warning/error messages (HO)
)
("C:\Program Files\MiKTeX 2.9\tex\generic\oberdiek\ltxcmds.sty"
Package: ltxcmds 2011/11/09 v1.22 LaTeX kernel commands for general use (HO)
)
\Gread@gobject=\count139
)
Package xcolor Info: Model `cmy' substituted by `cmy0' on input line 1337.
Package xcolor Info: Model `hsb' substituted by `rgb' on input line 1341.
Package xcolor Info: Model `RGB' extended on input line 1353.
Package xcolor Info: Model `HTML' substituted by `rgb' on input line 1355.
Package xcolor Info: Model `Hsb' substituted by `hsb' on input line 1356.
Package xcolor Info: Model `tHsb' substituted by `hsb' on input line 1357.
Package xcolor Info: Model `HSB' substituted by `hsb' on input line 1358.
Package xcolor Info: Model `Gray' substituted by `gray' on input line 1359.
Package xcolor Info: Model `wave' substituted by `hsb' on input line 1360.
)
("C:\Program Files\MiKTeX 2.9\tex\latex\ms\ragged2e.sty"
Package: ragged2e 2009/05/21 v2.1 ragged2e Package (MS)

("C:\Program Files\MiKTeX 2.9\tex\latex\ms\everysel.sty"
Package: everysel 2011/10/28 v1.2 EverySelectfont Package (MS)
)
\CenteringLeftskip=\skip185
\RaggedLeftLeftskip=\skip186
\RaggedRightLeftskip=\skip187
\CenteringRightskip=\skip188
\RaggedLeftRightskip=\skip189
\RaggedRightRightskip=\skip190
\CenteringParfillskip=\skip191
\RaggedLeftParfillskip=\skip192
\RaggedRightParfillskip=\skip193
\JustifyingParfillskip=\skip194
\CenteringParindent=\skip195
\RaggedLeftParindent=\skip196
\RaggedRightParindent=\skip197
\JustifyingParindent=\skip198
)
("C:\Program Files\MiKTeX 2.9\tex\latex\base\fix-cm.sty"
Package: fix-cm 2006/09/13 v1.1m fixes to LaTeX

("C:\Program Files\MiKTeX 2.9\tex\latex\base\ts1enc.def"
File: ts1enc.def 2001/06/05 v3.0e (jk/car/fm) Standard LaTeX file
))
("C:\Program Files\MiKTeX 2.9\tex\latex\pdfpages\pdfpages.sty"
Package: pdfpages 2013/05/30 v0.4u Insert pages of external PDF documents (AM)

("C:\Program Files\MiKTeX 2.9\tex\latex\base\ifthen.sty"
Package: ifthen 2001/05/26 v1.1c Standard LaTeX ifthen package (DPC)
)
("C:\Program Files\MiKTeX 2.9\tex\latex\tools\calc.sty"
Package: calc 2007/08/22 v4.3 Infix arithmetic (KKT,FJ)
\calc@Acount=\count140
\calc@Bcount=\count141
\calc@Adimen=\dimen149
\calc@Bdimen=\dimen150
\calc@Askip=\skip199
\calc@Bskip=\skip200
LaTeX Info: Redefining \setlength on input line 76.
LaTeX Info: Redefining \addtolength on input line 77.
\calc@Ccount=\count142
\calc@Cskip=\skip201
)
("C:\Program Files\MiKTeX 2.9\tex\latex\eso-pic\eso-pic.sty"
Package: eso-pic 2010/10/06 v2.0c eso-pic (RN)

("C:\Program Files\MiKTeX 2.9\tex\generic\oberdiek\atbegshi.sty"
Package: atbegshi 2011/10/05 v1.16 At begin shipout hook (HO)
)
("C:\Program Files\MiKTeX 2.9\tex\latex\graphics\keyval.sty"
Package: keyval 1999/03/16 v1.13 key=value parser (DPC)
\KV@toks@=\toks22
))
("C:\Program Files\MiKTeX 2.9\tex\latex\graphics\graphicx.sty"
Package: graphicx 1999/02/16 v1.0f Enhanced LaTeX Graphics (DPC,SPQR)

("C:\Program Files\MiKTeX 2.9\tex\latex\graphics\graphics.sty"
Package: graphics 2009/02/05 v1.0o Standard LaTeX Graphics (DPC,SPQR)

("C:\Program Files\MiKTeX 2.9\tex\latex\graphics\trig.sty"
Package: trig 1999/03/16 v1.09 sin cos tan (DPC)
)
("C:\Program Files\MiKTeX 2.9\tex\latex\00miktex\graphics.cfg"
File: graphics.cfg 2007/01/18 v1.5 graphics configuration of teTeX/TeXLive
)
Package graphics Info: Driver file: pdftex.def on input line 91.
)
\Gin@req@height=\dimen151
\Gin@req@width=\dimen152
)
("C:\Program Files\MiKTeX 2.9\tex\latex\pdfpages\pppdftex.def"
File: pppdftex.def 2013/05/30 v0.4u Pdfpages driver for pdfTeX (AM)
)
\AM@pagebox=\box29
\AM@toc@title=\toks23
\c@AM@survey=\count143
\AM@templatesizebox=\box30
)
("C:\Program Files\MiKTeX 2.9\tex\latex\ulem\ulem.sty"
\UL@box=\box31
\UL@hyphenbox=\box32
\UL@skip=\skip202
\UL@hook=\toks24
\UL@height=\dimen153
\UL@pe=\count144
\UL@pixel=\dimen154
\ULC@box=\box33
Package: ulem 2012/05/18
\ULdepth=\dimen155
)
("C:\Program Files\MiKTeX 2.9\tex\latex\base\fixltx2e.sty"
Package: fixltx2e 2006/09/13 v1.1m fixes to LaTeX
LaTeX Info: Redefining \em on input line 420.
LaTeX Info: Redefining \textsubscript on input line 424.
)
("C:\Program Files\MiKTeX 2.9\tex\latex\enumitem\enumitem.sty"
Package: enumitem 2011/09/28 v3.5.2 Customized lists
\labelindent=\skip203
\enit@outerparindent=\dimen156
\enit@toks=\toks25
\enit@inbox=\box34
\enitdp@description=\count145
)
("C:\Program Files\MiKTeX 2.9\tex\latex\base\alltt.sty"
Package: alltt 1997/06/16 v2.0g defines alltt environment
)
("C:\Program Files\MiKTeX 2.9\tex\latex\listings\listings.sty"
\lst@mode=\count146
\lst@gtempboxa=\box35
\lst@token=\toks26
\lst@length=\count147
\lst@currlwidth=\dimen157
\lst@column=\count148
\lst@pos=\count149
\lst@lostspace=\dimen158
\lst@width=\dimen159
\lst@newlines=\count150
\lst@lineno=\count151
\lst@maxwidth=\dimen160

("C:\Program Files\MiKTeX 2.9\tex\latex\listings\lstmisc.sty"
File: lstmisc.sty 2015/06/04 1.6 (Carsten Heinz)
\c@lstnumber=\count152
\lst@skipnumbers=\count153
\lst@framebox=\box36
)
("C:\Program Files\MiKTeX 2.9\tex\latex\listings\listings.cfg"
File: listings.cfg 2015/06/04 1.6 listings configuration
))
Package: listings 2015/06/04 1.6 (Carsten Heinz)

("C:\Program Files\MiKTeX 2.9\tex\latex\listings\lstlang1.sty"
File: lstlang1.sty 2015/06/04 1.6 listings language file
)
("C:\Program Files\MiKTeX 2.9\tex\latex\listings\lstlang1.sty"
File: lstlang1.sty 2015/06/04 1.6 listings language file
)
("C:\Program Files\MiKTeX 2.9\tex\latex\listings\lstmisc.sty"
File: lstmisc.sty 2015/06/04 1.6 (Carsten Heinz)
)
("C:\Program Files\MiKTeX 2.9\tex\latex\base\flafter.sty"
Package: flafter 2000/07/23 v1.2i Standard LaTeX floats after reference (FMi)
)
("C:\Program Files\MiKTeX 2.9\tex\latex\multirow\multirow.sty"
\bigstrutjot=\dimen161
)
("C:\Program Files\MiKTeX 2.9\tex\latex\tools\hhline.sty"
Package: hhline 1994/05/23 v2.03 Table rule package (DPC)
)
("C:\Program Files\MiKTeX 2.9\tex\latex\tools\multicol.sty"
Package: multicol 2011/06/27 v1.7a multicolumn formatting (FMi)
\c@tracingmulticols=\count154
\mult@box=\box37
\multicol@leftmargin=\dimen162
\c@unbalance=\count155
\c@collectmore=\count156
\doublecol@number=\count157
\multicoltolerance=\count158
\multicolpretolerance=\count159
\full@width=\dimen163
\page@free=\dimen164
\premulticols=\dimen165
\postmulticols=\dimen166
\multicolsep=\skip204
\multicolbaselineskip=\skip205
\partial@page=\box38
\last@line=\box39
\mult@rightbox=\box40
\mult@grightbox=\box41
\mult@gfirstbox=\box42
\mult@firstbox=\box43
\@tempa=\box44
\@tempa=\box45
\@tempa=\box46
\@tempa=\box47
\@tempa=\box48
\@tempa=\box49
\@tempa=\box50
\@tempa=\box51
\@tempa=\box52
\@tempa=\box53
\@tempa=\box54
\@tempa=\box55
\@tempa=\box56
\@tempa=\box57
\@tempa=\box58
\@tempa=\box59
\@tempa=\box60
\c@columnbadness=\count160
\c@finalcolumnbadness=\count161
\last@try=\dimen167
\multicolovershoot=\dimen168
\multicolundershoot=\dimen169
\mult@nat@firstbox=\box61
\colbreak@box=\box62
\multicol@sort@counter=\count162
)
("C:\Program Files\MiKTeX 2.9\tex\latex\colortbl\colortbl.sty"
Package: colortbl 2012/02/13 v1.0a Color table columns (DPC)
\everycr=\toks27
\minrowclearance=\skip206
)
("C:\Program Files\MiKTeX 2.9\tex\latex\rotating\rotating.sty"
Package: rotating 2009/03/28 v2.16a rotated objects in LaTeX
\c@r@tfl@t=\count163
\rotFPtop=\skip207
\rotFPbot=\skip208
\rot@float@box=\box63
\rot@mess@toks=\toks28
)
("C:\Program Files\MiKTeX 2.9\tex\latex\wrapfig\wrapfig.sty"
\wrapoverhang=\dimen170
\WF@size=\dimen171
\c@WF@wrappedlines=\count164
\WF@box=\box64
\WF@everypar=\toks29
Package: wrapfig 2003/01/31  v 3.6
)
\c@subfigure=\count165
\cftbeforesubfigureskip=\skip209
\cftsubfigureindent=\skip210
\cftsubfigurenumwidth=\skip211

("C:\Program Files\MiKTeX 2.9\tex\latex\oberdiek\epstopdf.sty"
Package: epstopdf 2010/02/09 v2.5 Conversion with epstopdf on the fly (HO)

("C:\Program Files\MiKTeX 2.9\tex\latex\oberdiek\epstopdf-base.sty"
Package: epstopdf-base 2010/02/09 v2.5 Base part for package epstopdf

("C:\Program Files\MiKTeX 2.9\tex\latex\oberdiek\grfext.sty"
Package: grfext 2010/08/19 v1.1 Manage graphics extensions (HO)

("C:\Program Files\MiKTeX 2.9\tex\generic\oberdiek\kvdefinekeys.sty"
Package: kvdefinekeys 2011/04/07 v1.3 Define keys (HO)
))
("C:\Program Files\MiKTeX 2.9\tex\latex\oberdiek\kvoptions.sty"
Package: kvoptions 2011/06/30 v3.11 Key value format for package options (HO)

("C:\Program Files\MiKTeX 2.9\tex\generic\oberdiek\kvsetkeys.sty"
Package: kvsetkeys 2012/04/25 v1.16 Key value parser (HO)

("C:\Program Files\MiKTeX 2.9\tex\generic\oberdiek\etexcmds.sty"
Package: etexcmds 2011/02/16 v1.5 Avoid name clashes with e-TeX commands (HO)
Package etexcmds Info: Could not find \expanded.
(etexcmds)             That can mean that you are not using pdfTeX 1.50 or
(etexcmds)             that some package has redefined \expanded.
(etexcmds)             In the latter case, load this package earlier.
)))
("C:\Program Files\MiKTeX 2.9\tex\generic\oberdiek\pdftexcmds.sty"
Package: pdftexcmds 2011/11/29 v0.20 Utility functions of pdfTeX for LuaTeX (HO
)
Package pdftexcmds Info: LuaTeX not detected.
Package pdftexcmds Info: \pdf@primitive is available.
Package pdftexcmds Info: \pdf@ifprimitive is available.
Package pdftexcmds Info: \pdfdraftmode found.
)
Package grfext Info: Graphics extension search list:
(grfext)             [.png,.pdf,.jpg,.mps,.jpeg,.jbig2,.jb2,.PNG,.PDF,.JPG,.JPE
G,.JBIG2,.JB2,.eps]
(grfext)             \AppendGraphicsExtensions on input line 452.
))
("C:\Program Files\MiKTeX 2.9\tex\latex\amsmath\amsmath.sty"
Package: amsmath 2013/01/14 v2.14 AMS math features
\@mathmargin=\skip212

For additional information on amsmath, use the `?' option.
("C:\Program Files\MiKTeX 2.9\tex\latex\amsmath\amstext.sty"
Package: amstext 2000/06/29 v2.01

("C:\Program Files\MiKTeX 2.9\tex\latex\amsmath\amsgen.sty"
File: amsgen.sty 1999/11/30 v2.0
\@emptytoks=\toks30
\ex@=\dimen172
))
("C:\Program Files\MiKTeX 2.9\tex\latex\amsmath\amsbsy.sty"
Package: amsbsy 1999/11/29 v1.2d
\pmbraise@=\dimen173
)
("C:\Program Files\MiKTeX 2.9\tex\latex\amsmath\amsopn.sty"
Package: amsopn 1999/12/14 v2.01 operator names
)
\inf@bad=\count166
LaTeX Info: Redefining \frac on input line 210.
\uproot@=\count167
\leftroot@=\count168
LaTeX Info: Redefining \overline on input line 306.
\classnum@=\count169
\DOTSCASE@=\count170
LaTeX Info: Redefining \ldots on input line 378.
LaTeX Info: Redefining \dots on input line 381.
LaTeX Info: Redefining \cdots on input line 466.
\Mathstrutbox@=\box65
\strutbox@=\box66
\big@size=\dimen174
LaTeX Font Info:    Redeclaring font encoding OML on input line 566.
LaTeX Font Info:    Redeclaring font encoding OMS on input line 567.
\macc@depth=\count171
\c@MaxMatrixCols=\count172
\dotsspace@=\muskip10
\c@parentequation=\count173
\dspbrk@lvl=\count174
\tag@help=\toks31
\row@=\count175
\column@=\count176
\maxfields@=\count177
\andhelp@=\toks32
\eqnshift@=\dimen175
\alignsep@=\dimen176
\tagshift@=\dimen177
\tagwidth@=\dimen178
\totwidth@=\dimen179
\lineht@=\dimen180
\@envbody=\toks33
\multlinegap=\skip213
\multlinetaggap=\skip214
\mathdisplay@stack=\toks34
LaTeX Info: Redefining \[ on input line 2665.
LaTeX Info: Redefining \] on input line 2666.
)
("C:\Program Files\MiKTeX 2.9\tex\latex\amsfonts\amssymb.sty"
Package: amssymb 2013/01/14 v3.01 AMS font symbols

("C:\Program Files\MiKTeX 2.9\tex\latex\amsfonts\amsfonts.sty"
Package: amsfonts 2013/01/14 v3.01 Basic AMSFonts support
\symAMSa=\mathgroup7
\symAMSb=\mathgroup8
LaTeX Font Info:    Overwriting math alphabet `\mathfrak' in version `bold'
(Font)                  U/euf/m/n --> U/euf/b/n on input line 106.
))
("C:\Program Files\MiKTeX 2.9\tex\latex\base\textcomp.sty"
Package: textcomp 2005/09/27 v1.99g Standard LaTeX package
Package textcomp Info: Sub-encoding information:
(textcomp)               5 = only ISO-Adobe without \textcurrency
(textcomp)               4 = 5 + \texteuro
(textcomp)               3 = 4 + \textohm
(textcomp)               2 = 3 + \textestimated + \textcurrency
(textcomp)               1 = TS1 - \textcircled - \t
(textcomp)               0 = TS1 (full)
(textcomp)             Font families with sub-encoding setting implement
(textcomp)             only a restricted character set as indicated.
(textcomp)             Family '?' is the default used for unknown fonts.
(textcomp)             See the documentation for details.
Package textcomp Info: Setting ? sub-encoding to TS1/1 on input line 71.

("C:\Program Files\MiKTeX 2.9\tex\latex\base\ts1enc.def"
File: ts1enc.def 2001/06/05 v3.0e (jk/car/fm) Standard LaTeX file
LaTeX Font Info:    Redeclaring font encoding TS1 on input line 42.
)
LaTeX Info: Redefining \oldstylenums on input line 266.
Package textcomp Info: Setting cmr sub-encoding to TS1/0 on input line 281.
Package textcomp Info: Setting cmss sub-encoding to TS1/0 on input line 282.
Package textcomp Info: Setting cmtt sub-encoding to TS1/0 on input line 283.
Package textcomp Info: Setting cmvtt sub-encoding to TS1/0 on input line 284.
Package textcomp Info: Setting cmbr sub-encoding to TS1/0 on input line 285.
Package textcomp Info: Setting cmtl sub-encoding to TS1/0 on input line 286.
Package textcomp Info: Setting ccr sub-encoding to TS1/0 on input line 287.
Package textcomp Info: Setting ptm sub-encoding to TS1/4 on input line 288.
Package textcomp Info: Setting pcr sub-encoding to TS1/4 on input line 289.
Package textcomp Info: Setting phv sub-encoding to TS1/4 on input line 290.
Package textcomp Info: Setting ppl sub-encoding to TS1/3 on input line 291.
Package textcomp Info: Setting pag sub-encoding to TS1/4 on input line 292.
Package textcomp Info: Setting pbk sub-encoding to TS1/4 on input line 293.
Package textcomp Info: Setting pnc sub-encoding to TS1/4 on input line 294.
Package textcomp Info: Setting pzc sub-encoding to TS1/4 on input line 295.
Package textcomp Info: Setting bch sub-encoding to TS1/4 on input line 296.
Package textcomp Info: Setting put sub-encoding to TS1/5 on input line 297.
Package textcomp Info: Setting uag sub-encoding to TS1/5 on input line 298.
Package textcomp Info: Setting ugq sub-encoding to TS1/5 on input line 299.
Package textcomp Info: Setting ul8 sub-encoding to TS1/4 on input line 300.
Package textcomp Info: Setting ul9 sub-encoding to TS1/4 on input line 301.
Package textcomp Info: Setting augie sub-encoding to TS1/5 on input line 302.
Package textcomp Info: Setting dayrom sub-encoding to TS1/3 on input line 303.
Package textcomp Info: Setting dayroms sub-encoding to TS1/3 on input line 304.

Package textcomp Info: Setting pxr sub-encoding to TS1/0 on input line 305.
Package textcomp Info: Setting pxss sub-encoding to TS1/0 on input line 306.
Package textcomp Info: Setting pxtt sub-encoding to TS1/0 on input line 307.
Package textcomp Info: Setting txr sub-encoding to TS1/0 on input line 308.
Package textcomp Info: Setting txss sub-encoding to TS1/0 on input line 309.
Package textcomp Info: Setting txtt sub-encoding to TS1/0 on input line 310.
Package textcomp Info: Setting lmr sub-encoding to TS1/0 on input line 311.
Package textcomp Info: Setting lmdh sub-encoding to TS1/0 on input line 312.
Package textcomp Info: Setting lmss sub-encoding to TS1/0 on input line 313.
Package textcomp Info: Setting lmssq sub-encoding to TS1/0 on input line 314.
Package textcomp Info: Setting lmvtt sub-encoding to TS1/0 on input line 315.
Package textcomp Info: Setting qhv sub-encoding to TS1/0 on input line 316.
Package textcomp Info: Setting qag sub-encoding to TS1/0 on input line 317.
Package textcomp Info: Setting qbk sub-encoding to TS1/0 on input line 318.
Package textcomp Info: Setting qcr sub-encoding to TS1/0 on input line 319.
Package textcomp Info: Setting qcs sub-encoding to TS1/0 on input line 320.
Package textcomp Info: Setting qpl sub-encoding to TS1/0 on input line 321.
Package textcomp Info: Setting qtm sub-encoding to TS1/0 on input line 322.
Package textcomp Info: Setting qzc sub-encoding to TS1/0 on input line 323.
Package textcomp Info: Setting qhvc sub-encoding to TS1/0 on input line 324.
Package textcomp Info: Setting futs sub-encoding to TS1/4 on input line 325.
Package textcomp Info: Setting futx sub-encoding to TS1/4 on input line 326.
Package textcomp Info: Setting futj sub-encoding to TS1/4 on input line 327.
Package textcomp Info: Setting hlh sub-encoding to TS1/3 on input line 328.
Package textcomp Info: Setting hls sub-encoding to TS1/3 on input line 329.
Package textcomp Info: Setting hlst sub-encoding to TS1/3 on input line 330.
Package textcomp Info: Setting hlct sub-encoding to TS1/5 on input line 331.
Package textcomp Info: Setting hlx sub-encoding to TS1/5 on input line 332.
Package textcomp Info: Setting hlce sub-encoding to TS1/5 on input line 333.
Package textcomp Info: Setting hlcn sub-encoding to TS1/5 on input line 334.
Package textcomp Info: Setting hlcw sub-encoding to TS1/5 on input line 335.
Package textcomp Info: Setting hlcf sub-encoding to TS1/5 on input line 336.
Package textcomp Info: Setting pplx sub-encoding to TS1/3 on input line 337.
Package textcomp Info: Setting pplj sub-encoding to TS1/3 on input line 338.
Package textcomp Info: Setting ptmx sub-encoding to TS1/4 on input line 339.
Package textcomp Info: Setting ptmj sub-encoding to TS1/4 on input line 340.
)
("C:\Program Files\MiKTeX 2.9\tex\latex\mh\mathtools.sty"
Package: mathtools 2013/02/12 v1.13 mathematical typesetting tools

("C:\Program Files\MiKTeX 2.9\tex\latex\mh\mhsetup.sty"
Package: mhsetup 2010/01/21 v1.2a programming setup (MH)
)
LaTeX Info: Thecontrolsequence`\('isalreadyrobust on input line 129.
LaTeX Info: Thecontrolsequence`\)'isalreadyrobust on input line 129.
LaTeX Info: Thecontrolsequence`\['isalreadyrobust on input line 129.
LaTeX Info: Thecontrolsequence`\]'isalreadyrobust on input line 129.
\g_MT_multlinerow_int=\count178
\l_MT_multwidth_dim=\dimen181
\origjot=\skip215
\l_MT_shortvdotswithinadjustabove_dim=\dimen182
\l_MT_shortvdotswithinadjustbelow_dim=\dimen183
\l_MT_above_intertext_sep=\dimen184
\l_MT_below_intertext_sep=\dimen185
\l_MT_above_shortintertext_sep=\dimen186
\l_MT_below_shortintertext_sep=\dimen187
)
("C:\Program Files\MiKTeX 2.9\tex\latex\lipsum\lipsum.sty"
Package: lipsum 2011/04/14 v1.2 150 paragraphs of Lorem Ipsum dummy text
\c@lips@count=\count179
)
("C:\Program Files\MiKTeX 2.9\tex\latex\ltxmisc\url.sty"
\Urlmuskip=\muskip11
Package: url 2006/04/12  ver 3.3  Verb mode for urls, etc.
)
("C:\Program Files\MiKTeX 2.9\tex\latex\tools\varioref.sty"
Package: varioref 2011/10/02 v1.4z package for extended references (FMi)
\c@vrcnt=\count180
)
("C:\Program Files\MiKTeX 2.9\tex\latex\tools\xr.sty"
Package: xr 1994/05/28 v5.02 eXternal References (DPC)
)
("C:\Program Files\MiKTeX 2.9\tex\latex\nomencl\nomencl.sty"
Package: nomencl 2005/09/22 v4.2 Nomenclature package (LN)
\nomlabelwidth=\dimen188
\nom@tempdim=\dimen189
\nomitemsep=\skip216
)
\@nomenclaturefile=\write4

Writing nomenclature file Report.nlo
("C:\Program Files\MiKTeX 2.9\tex\latex\float\float.sty"
Package: float 2001/11/08 v1.3d Float enhancements (AL)
\c@float@type=\count181
\float@exts=\toks35
\float@box=\box67
\@float@everytoks=\toks36
\@floatcapt=\box68
)
("C:\Program Files\MiKTeX 2.9\tex\latex\fixme\fixme.sty"
Package: fixme 2013/01/28 v4.2 Collaborative annotations for LaTeX2e

("C:\Program Files\MiKTeX 2.9\tex\latex\xkeyval\xkeyval.sty"
Package: xkeyval 2012/10/14 v2.6b package option processing (HA)

("C:\Program Files\MiKTeX 2.9\tex\generic\xkeyval\xkeyval.tex"
\XKV@toks=\toks37
\XKV@tempa@toks=\toks38
\XKV@depth=\count182
File: xkeyval.tex 2012/10/14 v2.6b key=value parser (HA)
))
\c@fixmecount=\count183
\c@fxnotecount=\count184
\c@fxwarningcount=\count185
\c@fxerrorcount=\count186
\c@fxfatalcount=\count187
)

******************************************************
Stock height and width: 845.04684pt by 597.50787pt
Top and edge trims: 0pt and 0pt
Page height and width: 845.04684pt by 597.50787pt
Text height and width: 691.0003pt by 426pt
Spine and edge margins: 99.58464pt and 71.13188pt
Upper and lower margins: 71.13188pt and 82.91466pt
Headheight and headsep: 13.6pt and 19.8738pt
Footskip: 27.46295pt
Columnsep and columnseprule: 10pt and 0pt
Marginparsep and marginparwidth: 7pt and 57.13188pt
Sidecapsep and sidecapwidth: 7pt and 101pt
Sidebarhsep and sidebarwidth: 7pt and 101pt
Sidebarvsep and sidebartopsep: 13.6pt and 0pt
Sidebarheight: 594.32022pt
Sidefoothsep and sidefootwidth: 7pt and 101pt
Sidefootvsep and sidefootheight: 13.6pt and 594.32022pt
******************************************************

("C:\Program Files\MiKTeX 2.9\tex\latex\hyperref\hyperref.sty"
Package: hyperref 2012/11/06 v6.83m Hypertext links for LaTeX

("C:\Program Files\MiKTeX 2.9\tex\generic\oberdiek\hobsub-hyperref.sty"
Package: hobsub-hyperref 2012/04/25 v1.12 Bundle oberdiek, subset hyperref (HO)


("C:\Program Files\MiKTeX 2.9\tex\generic\oberdiek\hobsub-generic.sty"
Package: hobsub-generic 2012/04/25 v1.12 Bundle oberdiek, subset generic (HO)
Package: hobsub 2012/04/25 v1.12 Construct package bundles (HO)
Package hobsub Info: Skipping package `infwarerr' (already loaded).
Package hobsub Info: Skipping package `ltxcmds' (already loaded).
Package hobsub Info: Skipping package `ifluatex' (already loaded).
Package: ifvtex 2010/03/01 v1.5 Detect VTeX and its facilities (HO)
Package ifvtex Info: VTeX not detected.
Package: intcalc 2007/09/27 v1.1 Expandable calculations with integers (HO)
Package hobsub Info: Skipping package `ifpdf' (already loaded).
Package hobsub Info: Skipping package `etexcmds' (already loaded).
Package hobsub Info: Skipping package `kvsetkeys' (already loaded).
Package hobsub Info: Skipping package `kvdefinekeys' (already loaded).
Package hobsub Info: Skipping package `pdftexcmds' (already loaded).
Package: pdfescape 2011/11/25 v1.13 Implements pdfTeX's escape features (HO)
Package: bigintcalc 2012/04/08 v1.3 Expandable calculations on big integers (HO
)
Package: bitset 2011/01/30 v1.1 Handle bit-vector datatype (HO)
Package: uniquecounter 2011/01/30 v1.2 Provide unlimited unique counter (HO)
)
Package hobsub Info: Skipping package `hobsub' (already loaded).
Package: letltxmacro 2010/09/02 v1.4 Let assignment for LaTeX macros (HO)
Package: hopatch 2011/06/24 v1.1 Wrapper for package hooks (HO)
Package: xcolor-patch 2011/01/30 xcolor patch
Package: atveryend 2011/06/30 v1.8 Hooks at the very end of document (HO)
Package atveryend Info: \enddocument detected (standard20110627).
Package hobsub Info: Skipping package `atbegshi' (already loaded).
Package: refcount 2011/10/16 v3.4 Data extraction from label references (HO)
Package: hycolor 2011/01/30 v1.7 Color options for hyperref/bookmark (HO)
)
("C:\Program Files\MiKTeX 2.9\tex\latex\oberdiek\auxhook.sty"
Package: auxhook 2011/03/04 v1.3 Hooks for auxiliary files (HO)
)
\@linkdim=\dimen190
\Hy@linkcounter=\count188
\Hy@pagecounter=\count189

("C:\Program Files\MiKTeX 2.9\tex\latex\hyperref\pd1enc.def"
File: pd1enc.def 2012/11/06 v6.83m Hyperref: PDFDocEncoding definition (HO)
)
\Hy@SavedSpaceFactor=\count190

("C:\Program Files\MiKTeX 2.9\tex\latex\00miktex\hyperref.cfg"
File: hyperref.cfg 2002/06/06 v1.2 hyperref configuration of TeXLive
)
Package hyperref Info: Option `colorlinks' set `true' on input line 4319.
Package hyperref Info: Hyper figures OFF on input line 4443.
Package hyperref Info: Link nesting OFF on input line 4448.
Package hyperref Info: Hyper index ON on input line 4451.
Package hyperref Info: Plain pages OFF on input line 4458.
Package hyperref Info: Backreferencing OFF on input line 4463.
Package hyperref Info: Implicit mode ON; LaTeX internals redefined.
Package hyperref Info: Bookmarks ON on input line 4688.
\c@Hy@tempcnt=\count191
LaTeX Info: Redefining \url on input line 5041.
\XeTeXLinkMargin=\dimen191
\Fld@menulength=\count192
\Field@Width=\dimen192
\Fld@charsize=\dimen193
Package hyperref Info: Hyper figures OFF on input line 6295.
Package hyperref Info: Link nesting OFF on input line 6300.
Package hyperref Info: Hyper index ON on input line 6303.
Package hyperref Info: backreferencing OFF on input line 6310.
Package hyperref Info: Link coloring ON on input line 6313.
Package hyperref Info: Link coloring with OCG OFF on input line 6320.
Package hyperref Info: PDF/A mode OFF on input line 6325.
LaTeX Info: Redefining \ref on input line 6365.
LaTeX Info: Redefining \pageref on input line 6369.
\Hy@abspage=\count193
\c@Item=\count194
\c@Hfootnote=\count195
)
("C:\Program Files\MiKTeX 2.9\tex\latex\memoir\memhfixc.sty"
Package: memhfixc 2013/05/30 v1.17 nameref/hyperref package fixes for memoir cl
ass
\c@memhycontfloat=\count196
\c@Hpagenote=\count197
)

Package hyperref Message: Driver (autodetected): hpdftex.

("C:\Program Files\MiKTeX 2.9\tex\latex\hyperref\hpdftex.def"
File: hpdftex.def 2012/11/06 v6.83m Hyperref driver for pdfTeX
\Fld@listcount=\count198
\c@bookmark@seq@number=\count199

("C:\Program Files\MiKTeX 2.9\tex\latex\oberdiek\rerunfilecheck.sty"
Package: rerunfilecheck 2011/04/15 v1.7 Rerun checks for auxiliary files (HO)
Package uniquecounter Info: New unique counter `rerunfilecheck' on input line 2
82.
)
\Hy@SectionHShift=\skip217
)

Package hyperref Warning: Invalid value `0'
(hyperref)                for option `pdfborder'.
(hyperref)                Option setting is ignored on input line 140.

Package hyperref Info: Option `colorlinks' set `false' on input line 146.
\ChpNumBox=\box69
("C:\Program Files\MiKTeX 2.9\tex\latex\geometry\geometry.sty"
Package: geometry 2010/09/12 v5.6 Page Geometry
\Gm@cnth=\count200
\Gm@cntv=\count201
\c@Gm@tempcnt=\count202
\Gm@bindingoffset=\dimen194
\Gm@wd@mp=\dimen195
\Gm@odd@mp=\dimen196
\Gm@even@mp=\dimen197
\Gm@layoutwidth=\dimen198
\Gm@layoutheight=\dimen199
\Gm@layouthoffset=\dimen200
\Gm@layoutvoffset=\dimen201
\Gm@dimlist=\toks39

("C:\Program Files\MiKTeX 2.9\tex\latex\geometry\geometry.cfg")))

Class memoir Warning: You are using the caption package with the memoir class. 
To prepare we will now reset all captioning macros and configurations to kernel
 defaults, and then let the caption package take over. Please remember to use t
he caption package interfaces in order to configure your captions. .

("C:\Program Files\MiKTeX 2.9\tex\latex\caption\caption.sty"
Package: caption 2015/09/17 v3.3-111 Customizing captions (AR)

("C:\Program Files\MiKTeX 2.9\tex\latex\caption\caption3.sty"
Package: caption3 2015/09/20 v1.7-115 caption3 kernel (AR)
Package caption3 Info: TeX engine: e-TeX on input line 57.
\captionmargin=\dimen202
\captionmargin@=\dimen203
\captionwidth=\dimen204
\caption@tempdima=\dimen205
\caption@indent=\dimen206
\caption@parindent=\dimen207
\caption@hangindent=\dimen208
)
\c@ContinuedFloat=\count203
Package caption Info: float package is loaded.
Package caption Info: hyperref package is loaded.
Package caption Info: listings package is loaded.
Package caption Info: rotating package is loaded.
Package caption Info: wrapfig package is loaded.
)
(C:\Users\Birgitte\Documents\GitHub\Project5\Report_project5\Report.aux

LaTeX Warning: Label `tab:SunEarthMarsTest' multiply defined.

)
LaTeX Font Info:    Checking defaults for OML/cmm/m/it on input line 4.
LaTeX Font Info:    ... okay on input line 4.
LaTeX Font Info:    Checking defaults for T1/cmr/m/n on input line 4.
LaTeX Font Info:    ... okay on input line 4.
LaTeX Font Info:    Checking defaults for OT1/cmr/m/n on input line 4.
LaTeX Font Info:    ... okay on input line 4.
LaTeX Font Info:    Checking defaults for OMS/cmsy/m/n on input line 4.
LaTeX Font Info:    ... okay on input line 4.
LaTeX Font Info:    Checking defaults for OMX/cmex/m/n on input line 4.
LaTeX Font Info:    ... okay on input line 4.
LaTeX Font Info:    Checking defaults for U/cmr/m/n on input line 4.
LaTeX Font Info:    ... okay on input line 4.
LaTeX Font Info:    Checking defaults for TS1/cmr/m/n on input line 4.
LaTeX Font Info:    ... okay on input line 4.
LaTeX Font Info:    Checking defaults for PD1/pdf/m/n on input line 4.
LaTeX Font Info:    ... okay on input line 4.
LaTeX Font Info:    Try loading font information for OT1+ptm on input line 4.
 ("C:\Program Files\MiKTeX 2.9\tex\latex\psnfss\ot1ptm.fd"
File: ot1ptm.fd 2001/06/04 font definitions for OT1/ptm.
)
("C:\Program Files\MiKTeX 2.9\tex\context\base\supp-pdf.mkii"
[Loading MPS to PDF converter (version 2006.09.02).]
\scratchcounter=\count204
\scratchdimen=\dimen209
\scratchbox=\box70
\nofMPsegments=\count205
\nofMParguments=\count206
\everyMPshowfont=\toks40
\MPscratchCnt=\count207
\MPscratchDim=\dimen210
\MPnumerator=\count208
\makeMPintoPDFobject=\count209
\everyMPtoPDFconversion=\toks41
) ABD: EverySelectfont initializing macros
LaTeX Info: Redefining \selectfont on input line 4.
\AtBeginShipoutBox=\box71
\c@lstlisting=\count210
Package hyperref Info: Link coloring OFF on input line 4.

("C:\Program Files\MiKTeX 2.9\tex\latex\hyperref\nameref.sty"
Package: nameref 2012/10/27 v2.43 Cross-referencing by name of section

("C:\Program Files\MiKTeX 2.9\tex\generic\oberdiek\gettitlestring.sty"
Package: gettitlestring 2010/12/03 v1.4 Cleanup title references (HO)
)
\c@section@level=\count211
LaTeX Info: Redefining \Ref on input line 513.
)
Redoing nameref's sectioning
Redoing nameref's label
LaTeX Info: Redefining \nameref on input line 4.
LaTeX Info: Redefining \ref on input line 4.
LaTeX Info: Redefining \pageref on input line 4.
LaTeX Info: Redefining \nameref on input line 4.
(C:\Users\Birgitte\Documents\GitHub\Project5\Report_project5\Report.out)
(C:\Users\Birgitte\Documents\GitHub\Project5\Report_project5\Report.out)
\@outlinefile=\write5
LaTeX Info: Redefining \Ref on input line 4.

*geometry* driver: auto-detecting
*geometry* detected driver: pdftex
*geometry* verbose mode - [ preamble ] result:
* driver: pdftex
* paper: a4paper
* layout: <same size as paper>
* layoutoffset:(h,v)=(0.0pt,0.0pt)
* modes: twoside 
* h-part:(L,W,R)=(68.28644pt, 460.935pt, 68.28644pt)
* v-part:(T,H,B)=(85.35826pt, 674.33032pt, 85.35826pt)
* \paperwidth=597.50787pt
* \paperheight=845.04684pt
* \textwidth=460.935pt
* \textheight=674.33032pt
* \oddsidemargin=-3.98355pt
* \evensidemargin=-3.98355pt
* \topmargin=-20.38553pt
* \headheight=13.6pt
* \headsep=19.8738pt
* \topskip=11.0pt
* \footskip=27.46295pt
* \marginparwidth=57.13188pt
* \marginparsep=7.0pt
* \columnsep=10.0pt
* \skip\footins=12.0pt plus 4.0pt minus 4.0pt
* \hoffset=0.0pt
* \voffset=0.0pt
* \mag=1000
* \@twocolumnfalse
* \@twosidetrue
* \@mparswitchtrue
* \@reversemarginfalse
* (1in=72.27pt=25.4mm, 1cm=28.453pt)

Package caption Info: Begin \AtBeginDocument code.
Package caption Info: End \AtBeginDocument code.

(C:\Users\Birgitte\Documents\GitHub\Project5\Report_project5\Chapters/Formalia/
Frontpage.tex
LaTeX Font Info:    Font shape `OT1/ptm/bx/n' in size <17.28> not available
(Font)              Font shape `OT1/ptm/b/n' tried instead on input line 15.
 <Figures/UiO_Seal_A_ENG.png, id=87, 566.5968pt x 95.8782pt>
File: Figures/UiO_Seal_A_ENG.png Graphic file (type png)

<use Figures/UiO_Seal_A_ENG.png>
Package pdftex.def Info: Figures/UiO_Seal_A_ENG.png used on input line 19.
(pdftex.def)             Requested size: 368.74939pt x 62.39908pt.

("C:\Program Files\MiKTeX 2.9\tex\latex\psnfss\ot1ztmcm.fd")
("C:\Program Files\MiKTeX 2.9\tex\latex\psnfss\omlztmcm.fd")
("C:\Program Files\MiKTeX 2.9\tex\latex\psnfss\omsztmcm.fd")
("C:\Program Files\MiKTeX 2.9\tex\latex\psnfss\omxztmcm.fd") [1


{C:/ProgramData/MiKTeX/2.9/pdftex/config/pdftex.map} <C:/Users/Birgitte/Documen
ts/GitHub/Project5/Report_project5/Figures/UiO_Seal_A_ENG.png>] [2

])
(C:\Users\Birgitte\Documents\GitHub\Project5\Report_project5\Chapters/Formalia/
titelblad.tex
LaTeX Font Info:    Font shape `OT1/ptm/bx/n' in size <10.95> not available
(Font)              Font shape `OT1/ptm/b/n' tried instead on input line 25.
LaTeX Font Info:    Font shape `OT1/ptm/bx/n' in size <8> not available
(Font)              Font shape `OT1/ptm/b/n' tried instead on input line 25.
LaTeX Font Info:    Font shape `OT1/ptm/bx/n' in size <6> not available
(Font)              Font shape `OT1/ptm/b/n' tried instead on input line 25.
File: Figures/UiO_Seal_A_ENG.png Graphic file (type png)
 <use Figures/UiO_Seal_A_ENG.png>
Package pdftex.def Info: Figures/UiO_Seal_A_ENG.png used on input line 35.
(pdftex.def)             Requested size: 252.2169pt x 42.67912pt.

Overfull \hbox (5.70815pt too wide) in paragraph at lines 35--35
[][] 
 []


Overfull \hbox (12.0pt too wide) in paragraph at lines 25--38
[][] 
 []


LaTeX Warning: Reference `LastPage' on page iii undefined on input line 83.


Overfull \hbox (132.12012pt too wide) in paragraph at lines 40--97
[][] 
 []


Underfull \hbox (badness 10000) in paragraph at lines 40--97

 []


Underfull \hbox (badness 10000) in paragraph at lines 40--97

 []


Underfull \hbox (badness 10000) in paragraph at lines 40--97

 []

) [3

] [4

]
(C:\Users\Birgitte\Documents\GitHub\Project5\Report_project5\Chapters/Abstract.
tex
LaTeX Font Info:    Font shape `OT1/ptm/bx/n' in size <24.88> not available
(Font)              Font shape `OT1/ptm/b/n' tried instead on input line 1.
) [5

] [6

]
(C:\Users\Birgitte\Documents\GitHub\Project5\Report_project5\Report.toc)
[7] [8

]
(C:\Users\Birgitte\Documents\GitHub\Project5\Report_project5\Chapters/Introduct
ion.tex)
(C:\Users\Birgitte\Documents\GitHub\Project5\Report_project5\Chapters/Method.te
x [1

] [2

])
(C:\Users\Birgitte\Documents\GitHub\Project5\Report_project5\Chapters/conversio
n.tex
LaTeX Font Info:    Font shape `OT1/ptm/bx/n' in size <14.4> not available
(Font)              Font shape `OT1/ptm/b/n' tried instead on input line 1.
 [3])
(C:\Users\Birgitte\Documents\GitHub\Project5\Report_project5\Chapters/Newton2bo
dy3D.tex
<Figures/2bodyproblem_coordinatesystems.png, id=169, 542.025pt x 250.9375pt>
File: Figures/2bodyproblem_coordinatesystems.png Graphic file (type png)

<use Figures/2bodyproblem_coordinatesystems.png>
Package pdftex.def Info: Figures/2bodyproblem_coordinatesystems.png used on inp
ut line 7.
(pdftex.def)             Requested size: 276.5638pt x 128.04152pt.
LaTeX Font Info:    Font shape `OT1/ptm/bx/n' in size <7.4> not available
(Font)              Font shape `OT1/ptm/b/n' tried instead on input line 12.
 [4 <C:/Users/Birgitte/Documents/GitHub/Project5/Report_project5/Figures/2bodyp
roblem_coordinatesystems.png>]
[5])
(C:\Users\Birgitte\Documents\GitHub\Project5\Report_project5\Chapters/methodVV.
tex
Missing character: There is no â in font ptmr7t!
Missing character: There is no € in font ptmr7t!
Missing character: There is no ™ in font ptmr7t!
 [6])
(C:\Users\Birgitte\Documents\GitHub\Project5\Report_project5\Chapters/methodRK4
.tex [7])
(C:\Users\Birgitte\Documents\GitHub\Project5\Report_project5\Chapters/argumentf
orepsilon.tex
<Figures/argument_for_epsilon.png, id=262, 501.875pt x 271.0125pt>
File: Figures/argument_for_epsilon.png Graphic file (type png)

<use Figures/argument_for_epsilon.png>
Package pdftex.def Info: Figures/argument_for_epsilon.png used on input line 5.

(pdftex.def)             Requested size: 184.37119pt x 99.56177pt.

Underfull \hbox (badness 1142) in paragraph at lines 13--14
\OT1/ptm/m/n/10.95 constant $\OML/ztmcm/m/it/10.95 $ \OT1/ptm/m/n/10.95 that a
cts as a smoothing function, giving a
 []

)
(C:\Users\Birgitte\Documents\GitHub\Project5\Report_project5\Chapters/Generatin
gPosMassVel.tex [8 <C:/Users/Birgitte/Documents/GitHub/Project5/Report_project5
/Figures/argument_for_epsilon.png>]
<Figures/Gaussian_mass_generation_ill.png, id=291, 291.0875pt x 250.9375pt>
File: Figures/Gaussian_mass_generation_ill.png Graphic file (type png)

<use Figures/Gaussian_mass_generation_ill.png>
Package pdftex.def Info: Figures/Gaussian_mass_generation_ill.png used on input
 line 25.
(pdftex.def)             Requested size: 138.28189pt x 119.21185pt.


Package wrapfig Warning: wrapfigure used inside a conflicting environment on in
put line 49.


Package wrapfig Warning: wrapfigure used inside a conflicting environment on in
put line 50.


Package wrapfig Warning: wrapfigure used inside a conflicting environment on in
put line 50.


Package wrapfig Warning: wrapfigure used inside a conflicting environment on in
put line 50.


Package wrapfig Warning: wrapfigure used inside a conflicting environment on in
put line 50.


Package wrapfig Warning: wrapfigure used inside a conflicting environment on in
put line 50.


Package wrapfig Warning: wrapfigure used inside a conflicting environment on in
put line 51.


Package wrapfig Warning: wrapfigure used inside a conflicting environment on in
put line 52.


Package wrapfig Warning: wrapfigure used inside a conflicting environment on in
put line 53.


Package wrapfig Warning: wrapfigure used inside a conflicting environment on in
put line 53.


Package wrapfig Warning: wrapfigure used inside a conflicting environment on in
put line 53.


Package wrapfig Warning: wrapfigure used inside a conflicting environment on in
put line 53.


Package wrapfig Warning: wrapfigure used inside a conflicting environment on in
put line 53.


Package wrapfig Warning: wrapfigure used inside a conflicting environment on in
put line 53.


Package wrapfig Warning: wrapfigure used inside a conflicting environment on in
put line 53.


Package wrapfig Warning: wrapfigure used inside a conflicting environment on in
put line 53.


Package wrapfig Warning: wrapfigure used inside a conflicting environment on in
put line 53.


Package wrapfig Warning: wrapfigure used inside a conflicting environment on in
put line 54.


Package wrapfig Warning: wrapfigure used inside a conflicting environment on in
put line 55.


Package wrapfig Warning: wrapfigure used inside a conflicting environment on in
put line 55.


Package wrapfig Warning: wrapfigure used inside a conflicting environment on in
put line 55.


Package wrapfig Warning: wrapfigure used inside a conflicting environment on in
put line 55.


Package wrapfig Warning: wrapfigure used inside a conflicting environment on in
put line 55.


Package wrapfig Warning: wrapfigure used inside a conflicting environment on in
put line 56.


Package wrapfig Warning: wrapfigure used inside a conflicting environment on in
put line 56.


Package wrapfig Warning: wrapfigure used inside a conflicting environment on in
put line 56.


Package wrapfig Warning: wrapfigure used inside a conflicting environment on in
put line 57.


Package wrapfig Warning: wrapfigure used inside a conflicting environment on in
put line 57.


Package wrapfig Warning: wrapfigure used inside a conflicting environment on in
put line 57.


Package wrapfig Warning: wrapfigure used inside a conflicting environment on in
put line 57.


Package wrapfig Warning: wrapfigure used inside a conflicting environment on in
put line 57.

[9 <C:/Users/Birgitte/Documents/GitHub/Project5/Report_project5/Figures/Gaussia
n_mass_generation_ill.png>]

Package wrapfig Warning: wrapfigure used inside a conflicting environment on in
put line 58.


Package wrapfig Warning: wrapfigure used inside a conflicting environment on in
put line 59.


Package wrapfig Warning: wrapfigure used inside a conflicting environment on in
put line 59.


Package wrapfig Warning: wrapfigure used inside a conflicting environment on in
put line 59.


Package wrapfig Warning: wrapfigure used inside a conflicting environment on in
put line 59.


Package wrapfig Warning: wrapfigure used inside a conflicting environment on in
put line 59.


Package wrapfig Warning: wrapfigure used inside a conflicting environment on in
put line 59.


Package wrapfig Warning: wrapfigure used inside a conflicting environment on in
put line 59.


Package wrapfig Warning: wrapfigure used inside a conflicting environment on in
put line 59.


Package wrapfig Warning: wrapfigure used inside a conflicting environment on in
put line 59.


Package wrapfig Warning: wrapfigure used inside a conflicting environment on in
put line 59.


Package wrapfig Warning: wrapfigure used inside a conflicting environment on in
put line 59.


Package wrapfig Warning: wrapfigure used inside a conflicting environment on in
put line 60.


Package wrapfig Warning: wrapfigure used inside a conflicting environment on in
put line 60.


Package wrapfig Warning: wrapfigure used inside a conflicting environment on in
put line 60.


Package wrapfig Warning: wrapfigure used inside a conflicting environment on in
put line 60.


Package wrapfig Warning: wrapfigure used inside a conflicting environment on in
put line 60.


Package wrapfig Warning: wrapfigure used inside a conflicting environment on in
put line 60.


Package wrapfig Warning: wrapfigure used inside a conflicting environment on in
put line 60.


Package wrapfig Warning: wrapfigure used inside a conflicting environment on in
put line 61.


Package wrapfig Warning: wrapfigure used inside a conflicting environment on in
put line 61.


Package wrapfig Warning: wrapfigure used inside a conflicting environment on in
put line 61.


Package wrapfig Warning: wrapfigure used inside a conflicting environment on in
put line 61.


Package wrapfig Warning: wrapfigure used inside a conflicting environment on in
put line 61.


Package wrapfig Warning: wrapfigure used inside a conflicting environment on in
put line 61.


Package wrapfig Warning: wrapfigure used inside a conflicting environment on in
put line 61.


Package wrapfig Warning: wrapfigure used inside a conflicting environment on in
put line 62.


Package wrapfig Warning: wrapfigure used inside a conflicting environment on in
put line 62.


Package wrapfig Warning: wrapfigure used inside a conflicting environment on in
put line 62.


Package wrapfig Warning: wrapfigure used inside a conflicting environment on in
put line 62.


Package wrapfig Warning: wrapfigure used inside a conflicting environment on in
put line 62.


Package wrapfig Warning: wrapfigure used inside a conflicting environment on in
put line 62.


Package wrapfig Warning: wrapfigure used inside a conflicting environment on in
put line 62.


Package wrapfig Warning: wrapfigure used inside a conflicting environment on in
put line 62.


Package wrapfig Warning: wrapfigure used inside a conflicting environment on in
put line 62.


Package wrapfig Warning: wrapfigure used inside a conflicting environment on in
put line 62.


Package wrapfig Warning: wrapfigure used inside a conflicting environment on in
put line 63.


Package wrapfig Warning: wrapfigure used inside a conflicting environment on in
put line 63.


Package wrapfig Warning: wrapfigure used inside a conflicting environment on in
put line 63.


Package wrapfig Warning: wrapfigure used inside a conflicting environment on in
put line 64.


Package wrapfig Warning: wrapfigure used inside a conflicting environment on in
put line 64.


Package wrapfig Warning: wrapfigure used inside a conflicting environment on in
put line 64.


Package wrapfig Warning: wrapfigure used inside a conflicting environment on in
put line 64.


Package wrapfig Warning: wrapfigure used inside a conflicting environment on in
put line 64.


Package wrapfig Warning: wrapfigure used inside a conflicting environment on in
put line 64.


Package wrapfig Warning: wrapfigure used inside a conflicting environment on in
put line 64.


Package wrapfig Warning: wrapfigure used inside a conflicting environment on in
put line 64.


Package wrapfig Warning: wrapfigure used inside a conflicting environment on in
put line 64.


Package wrapfig Warning: wrapfigure used inside a conflicting environment on in
put line 65.


Package wrapfig Warning: wrapfigure used inside a conflicting environment on in
put line 65.


Package wrapfig Warning: wrapfigure used inside a conflicting environment on in
put line 65.


Package wrapfig Warning: wrapfigure used inside a conflicting environment on in
put line 65.


Package wrapfig Warning: wrapfigure used inside a conflicting environment on in
put line 65.


Package wrapfig Warning: wrapfigure used inside a conflicting environment on in
put line 65.


Package wrapfig Warning: wrapfigure used inside a conflicting environment on in
put line 66.


Package wrapfig Warning: wrapfigure used inside a conflicting environment on in
put line 66.


Package wrapfig Warning: wrapfigure used inside a conflicting environment on in
put line 66.


Package wrapfig Warning: wrapfigure used inside a conflicting environment on in
put line 67.


Package wrapfig Warning: wrapfigure used inside a conflicting environment on in
put line 67.


Package wrapfig Warning: wrapfigure used inside a conflicting environment on in
put line 67.


Package wrapfig Warning: wrapfigure used inside a conflicting environment on in
put line 68.


Package wrapfig Warning: wrapfigure used inside a conflicting environment on in
put line 68.


Package wrapfig Warning: wrapfigure used inside a conflicting environment on in
put line 68.


Package wrapfig Warning: wrapfigure used inside a conflicting environment on in
put line 69.


Package wrapfig Warning: wrapfigure used inside a conflicting environment on in
put line 69.


Package wrapfig Warning: wrapfigure used inside a conflicting environment on in
put line 69.


Package wrapfig Warning: wrapfigure used inside a conflicting environment on in
put line 70.


Package wrapfig Warning: wrapfigure used inside a conflicting environment on in
put line 70.


Package wrapfig Warning: wrapfigure used inside a conflicting environment on in
put line 70.


Package wrapfig Warning: wrapfigure used inside a conflicting environment on in
put line 71.


Package wrapfig Warning: wrapfigure used inside a conflicting environment on in
put line 72.


Package wrapfig Warning: wrapfigure used inside a conflicting environment on in
put line 73.


Package wrapfig Warning: wrapfigure used inside a conflicting environment on in
put line 73.

<Figures/random_mass_test.png, id=306, 422.32782pt x 316.18124pt>
File: Figures/random_mass_test.png Graphic file (type png)

<use Figures/random_mass_test.png>
Package pdftex.def Info: Figures/random_mass_test.png used on input line 80.
(pdftex.def)             Requested size: 230.4675pt x 172.54453pt.
 [10 <C:/Users/Birgitte/Documents/GitHub/Project5/Report_project5/Figures/rando
m_mass_test.png (PNG copy)>]

Package wrapfig Warning: wrapfigure used inside a conflicting environment on in
put line 132.

<Figures/Cross_sectional_area.png, id=330, 371.3875pt x 281.05pt>
File: Figures/Cross_sectional_area.png Graphic file (type png)

<use Figures/Cross_sectional_area.png>
Package pdftex.def Info: Figures/Cross_sectional_area.png used on input line 13
4.
(pdftex.def)             Requested size: 138.28189pt x 104.6473pt.
 [11]
<Figures/random_uniform_position_test.png, id=363, 422.32782pt x 316.18124pt>
File: Figures/random_uniform_position_test.png Graphic file (type png)

<use Figures/random_uniform_position_test.png>
Package pdftex.def Info: Figures/random_uniform_position_test.png used on input
 line 155.
(pdftex.def)             Requested size: 230.4675pt x 172.54453pt.
Package hyperref Info: bookmark level for unknown fixme defaults to 0 on input 
line 158.
LaTeX Font Info:    Font shape `OT1/ptm/bx/n' in size <9> not available
(Font)              Font shape `OT1/ptm/b/n' tried instead on input line 158.
LaTeX Font Info:    Font shape `OT1/ptm/bx/n' in size <7> not available
(Font)              Font shape `OT1/ptm/b/n' tried instead on input line 158.
LaTeX Font Info:    Font shape `OT1/ptm/bx/n' in size <5> not available
(Font)              Font shape `OT1/ptm/b/n' tried instead on input line 158.
)
(C:\Users\Birgitte\Documents\GitHub\Project5\Report_project5\Chapters/Computing
Energy.tex [12 <C:/Users/Birgitte/Documents/GitHub/Project5/Report_project5/Fig
ures/random_uniform_position_test.png (PNG copy)> <C:/Users/Birgitte/Documents/
GitHub/Project5/Report_project5/Figures/Cross_sectional_area.png>])
(C:\Users\Birgitte\Documents\GitHub\Project5\Report_project5\Chapters/Results.t
ex [13] [14

])
(C:\Users\Birgitte\Documents\GitHub\Project5\Report_project5\Chapters/stability
2bodysystem.tex [15]
<Figures/Test_2body_system_earth.png, id=408, 422.32782pt x 316.18124pt>
File: Figures/Test_2body_system_earth.png Graphic file (type png)

<use Figures/Test_2body_system_earth.png>
Package pdftex.def Info: Figures/Test_2body_system_earth.png used on input line
 35.
(pdftex.def)             Requested size: 230.4675pt x 172.54453pt.

<Figures/Test_2body_system_earth_sun.png, id=409, 422.32782pt x 316.18124pt>
File: Figures/Test_2body_system_earth_sun.png Graphic file (type png)

<use Figures/Test_2body_system_earth_sun.png>
Package pdftex.def Info: Figures/Test_2body_system_earth_sun.png used on input 
line 39.
(pdftex.def)             Requested size: 230.4675pt x 172.54453pt.

<Figures/test_distance_time_VV.png, id=411, 422.32782pt x 316.18124pt>
File: Figures/test_distance_time_VV.png Graphic file (type png)

<use Figures/test_distance_time_VV.png>
Package pdftex.def Info: Figures/test_distance_time_VV.png used on input line 5
5.
(pdftex.def)             Requested size: 230.4675pt x 172.54453pt.

<Figures/test_distance_time_RK4.png, id=412, 422.32782pt x 316.18124pt>
File: Figures/test_distance_time_RK4.png Graphic file (type png)

<use Figures/test_distance_time_RK4.png>
Package pdftex.def Info: Figures/test_distance_time_RK4.png used on input line 
59.
(pdftex.def)             Requested size: 230.4675pt x 172.54453pt.
 [16 <C:/Users/Birgitte/Documents/GitHub/Project5/Report_project5/Figures/Test_
2body_system_earth.png (PNG copy)> <C:/Users/Birgitte/Documents/GitHub/Project5
/Report_project5/Figures/Test_2body_system_earth_sun.png (PNG copy)>] [17 <C:/U
sers/Birgitte/Documents/GitHub/Project5/Report_project5/Figures/test_distance_t
ime_VV.png (PNG copy)> <C:/Users/Birgitte/Documents/GitHub/Project5/Report_proj
ect5/Figures/test_distance_time_RK4.png (PNG copy)>])
(C:\Users\Birgitte\Documents\GitHub\Project5\Report_project5\Chapters/SunEarthM
arsTest.tex
<Figures/sun_earth_mars_test_RK4.png, id=432, 419.76825pt x 313.77225pt>
File: Figures/sun_earth_mars_test_RK4.png Graphic file (type png)

<use Figures/sun_earth_mars_test_RK4.png>
Package pdftex.def Info: Figures/sun_earth_mars_test_RK4.png used on input line
 32.
(pdftex.def)             Requested size: 230.4675pt x 172.26884pt.

<Figures/sun_earth_mars_test_VV.png, id=433, 418.56375pt x 314.3745pt>
File: Figures/sun_earth_mars_test_VV.png Graphic file (type png)

<use Figures/sun_earth_mars_test_VV.png>
Package pdftex.def Info: Figures/sun_earth_mars_test_VV.png used on input line 
36.
(pdftex.def)             Requested size: 230.4675pt x 173.09837pt.
 [18])
(C:\Users\Birgitte\Documents\GitHub\Project5\Report_project5\Chapters/TimeStepL
engthNbody.tex [19 <C:/Users/Birgitte/Documents/GitHub/Project5/Report_project5
/Figures/sun_earth_mars_test_RK4.png> <C:/Users/Birgitte/Documents/GitHub/Proje
ct5/Report_project5/Figures/sun_earth_mars_test_VV.png>]
<Figures/graphs_VV/pos1_VV.png, id=460, 422.32782pt x 316.18124pt>
File: Figures/graphs_VV/pos1_VV.png Graphic file (type png)

<use Figures/graphs_VV/pos1_VV.png>
Package pdftex.def Info: Figures/graphs_VV/pos1_VV.png used on input line 23.
(pdftex.def)             Requested size: 230.4675pt x 172.54453pt.

<Figures/graphs_VV/pos2_VV.png, id=461, 422.32782pt x 316.18124pt>
File: Figures/graphs_VV/pos2_VV.png Graphic file (type png)

<use Figures/graphs_VV/pos2_VV.png>
Package pdftex.def Info: Figures/graphs_VV/pos2_VV.png used on input line 27.
(pdftex.def)             Requested size: 230.4675pt x 172.54453pt.

<Figures/graphs_VV/pos3_VV.png, id=462, 422.32782pt x 316.18124pt>
File: Figures/graphs_VV/pos3_VV.png Graphic file (type png)

<use Figures/graphs_VV/pos3_VV.png>
Package pdftex.def Info: Figures/graphs_VV/pos3_VV.png used on input line 31.
(pdftex.def)             Requested size: 230.4675pt x 172.54453pt.

<Figures/graphs_VV/pos5_VV.png, id=463, 422.32782pt x 316.18124pt>
File: Figures/graphs_VV/pos5_VV.png Graphic file (type png)

<use Figures/graphs_VV/pos5_VV.png>
Package pdftex.def Info: Figures/graphs_VV/pos5_VV.png used on input line 35.
(pdftex.def)             Requested size: 230.4675pt x 172.54453pt.

<Figures/graphs_RK4/pos6.png, id=468, 422.32782pt x 316.18124pt>
File: Figures/graphs_RK4/pos6.png Graphic file (type png)

<use Figures/graphs_RK4/pos6.png>
Package pdftex.def Info: Figures/graphs_RK4/pos6.png used on input line 56.
(pdftex.def)             Requested size: 230.4675pt x 172.54453pt.

<Figures/graphs_RK4/pos5.png, id=469, 422.32782pt x 316.18124pt>
File: Figures/graphs_RK4/pos5.png Graphic file (type png)

<use Figures/graphs_RK4/pos5.png>
Package pdftex.def Info: Figures/graphs_RK4/pos5.png used on input line 60.
(pdftex.def)             Requested size: 230.4675pt x 172.54453pt.

<Figures/graphs_RK4/pos4.png, id=470, 422.32782pt x 316.18124pt>
File: Figures/graphs_RK4/pos4.png Graphic file (type png)

<use Figures/graphs_RK4/pos4.png>
Package pdftex.def Info: Figures/graphs_RK4/pos4.png used on input line 64.
(pdftex.def)             Requested size: 230.4675pt x 172.54453pt.

<Figures/graphs_RK4/pos9.png, id=471, 422.32782pt x 316.18124pt>
File: Figures/graphs_RK4/pos9.png Graphic file (type png)

<use Figures/graphs_RK4/pos9.png>
Package pdftex.def Info: Figures/graphs_RK4/pos9.png used on input line 68.
(pdftex.def)             Requested size: 230.4675pt x 172.54453pt.
 [20 <C:/Users/Birgitte/Documents/GitHub/Project5/Report_project5/Figures/graph
s_VV/pos1_VV.png (PNG copy)> <C:/Users/Birgitte/Documents/GitHub/Project5/Repor
t_project5/Figures/graphs_VV/pos2_VV.png (PNG copy)> <C:/Users/Birgitte/Documen
ts/GitHub/Project5/Report_project5/Figures/graphs_VV/pos3_VV.png (PNG copy)> <C
:/Users/Birgitte/Documents/GitHub/Project5/Report_project5/Figures/graphs_VV/po
s5_VV.png (PNG copy)>] [21 <C:/Users/Birgitte/Documents/GitHub/Project5/Report_
project5/Figures/graphs_RK4/pos6.png (PNG copy)> <C:/Users/Birgitte/Documents/G
itHub/Project5/Report_project5/Figures/graphs_RK4/pos5.png (PNG copy)> <C:/User
s/Birgitte/Documents/GitHub/Project5/Report_project5/Figures/graphs_RK4/pos4.pn
g (PNG copy)> <C:/Users/Birgitte/Documents/GitHub/Project5/Report_project5/Figu
res/graphs_RK4/pos9.png (PNG copy)>])
(C:\Users\Birgitte\Documents\GitHub\Project5\Report_project5\Chapters/Stability
AndEquilibrium.tex

Package hyperref Warning: Token not allowed in a PDF string (PDFDocEncoding):
(hyperref)                removing `math shift' on input line 1.


Package hyperref Warning: Token not allowed in a PDF string (PDFDocEncoding):
(hyperref)                removing `math shift' on input line 1.

<Figures/stability/RK4_stability_1t.png, id=489, 422.32782pt x 316.18124pt>
File: Figures/stability/RK4_stability_1t.png Graphic file (type png)

<use Figures/stability/RK4_stability_1t.png>
Package pdftex.def Info: Figures/stability/RK4_stability_1t.png used on input l
ine 11.
(pdftex.def)             Requested size: 230.4675pt x 172.54453pt.

<Figures/stability/RK4_stability_4t_2_zoom.png, id=490, 422.32782pt x 316.18124
pt>
File: Figures/stability/RK4_stability_4t_2_zoom.png Graphic file (type png)
 <use Figures/stability/RK4_stability_4t_2_zoom.png>
Package pdftex.def Info: Figures/stability/RK4_stability_4t_2_zoom.png used on 
input line 15.
(pdftex.def)             Requested size: 230.4675pt x 172.54453pt.
 [22]
<Figures/Stability_cluster_extend_time_dependence.png, id=499, 422.32782pt x 31
6.18124pt>
File: Figures/Stability_cluster_extend_time_dependence.png Graphic file (type p
ng)
 <use Figures/Stability_cluster_extend_time_dependence.png>
Package pdftex.def Info: Figures/Stability_cluster_extend_time_dependence.png u
sed on input line 40.
(pdftex.def)             Requested size: 230.4675pt x 172.54453pt.


Package caption Warning: The option `hypcap=true' will be ignored for this
(caption)                particular \caption on input line 41.
See the caption package documentation for explanation.


Package caption Warning: The option `hypcap=true' will be ignored for this
(caption)                particular \caption on input line 58.
See the caption package documentation for explanation.


Overfull \hbox (2.0805pt too wide) in paragraph at lines 38--60
[]$[]$  $[]$ 
 []

)
(C:\Users\Birgitte\Documents\GitHub\Project5\Report_project5\Chapters/EnergyRK4
.tex
Underfull \hbox (badness 10000) in paragraph at lines 37--1

 []


Package hyperref Warning: Token not allowed in a PDF string (PDFDocEncoding):
(hyperref)                removing `math shift' on input line 1.


Package hyperref Warning: Token not allowed in a PDF string (PDFDocEncoding):
(hyperref)                removing `math shift' on input line 1.

[23 <C:/Users/Birgitte/Documents/GitHub/Project5/Report_project5/Figures/stabil
ity/RK4_stability_1t.png (PNG copy)> <C:/Users/Birgitte/Documents/GitHub/Projec
t5/Report_project5/Figures/stability/RK4_stability_4t_2_zoom.png (PNG copy)> <C
:/Users/Birgitte/Documents/GitHub/Project5/Report_project5/Figures/Stability_cl
uster_extend_time_dependence.png (PNG copy)>])
(C:\Users\Birgitte\Documents\GitHub\Project5\Report_project5\Chapters/Distribut
ionPotKinEnBound.tex
<Figures/Histograms_including_epsilon/N_70_e_n3_kin.png, id=516, 422.32782pt x 
315.42844pt>
File: Figures/Histograms_including_epsilon/N_70_e_n3_kin.png Graphic file (type
 png)
 <use Figures/Histograms_including_epsilon/N_70_e_n3_kin.png>
Package pdftex.def Info: Figures/Histograms_including_epsilon/N_70_e_n3_kin.png
 used on input line 20.
(pdftex.def)             Requested size: 230.4675pt x 172.1337pt.

<Figures/Histograms_including_epsilon/N_70_e_n3_pot.png, id=517, 422.32782pt x 
315.42844pt>
File: Figures/Histograms_including_epsilon/N_70_e_n3_pot.png Graphic file (type
 png)
 <use Figures/Histograms_including_epsilon/N_70_e_n3_pot.png>
Package pdftex.def Info: Figures/Histograms_including_epsilon/N_70_e_n3_pot.png
 used on input line 24.
(pdftex.def)             Requested size: 230.4675pt x 172.1337pt.

[24] <Figures/epsilon_frac.png, id=530, 422.32782pt x 315.42844pt>
File: Figures/epsilon_frac.png Graphic file (type png)

<use Figures/epsilon_frac.png>
Package pdftex.def Info: Figures/epsilon_frac.png used on input line 72.
(pdftex.def)             Requested size: 276.5638pt x 206.56622pt.
 [25 <C:/Users/Birgitte/Documents/GitHub/Project5/Report_project5/Figures/Histo
grams_including_epsilon/N_70_e_n3_kin.png (PNG copy)> <C:/Users/Birgitte/Docume
nts/GitHub/Project5/Report_project5/Figures/Histograms_including_epsilon/N_70_e
_n3_pot.png (PNG copy)>]
<Figures/epsilon7_kin.png, id=543, 422.32782pt x 315.42844pt>
File: Figures/epsilon7_kin.png Graphic file (type png)

<use Figures/epsilon7_kin.png>
Package pdftex.def Info: Figures/epsilon7_kin.png used on input line 84.
(pdftex.def)             Requested size: 230.4675pt x 172.1337pt.

<Figures/epsilon7_pot.png, id=544, 422.32782pt x 315.42844pt>
File: Figures/epsilon7_pot.png Graphic file (type png)

<use Figures/epsilon7_pot.png>
Package pdftex.def Info: Figures/epsilon7_pot.png used on input line 88.
(pdftex.def)             Requested size: 230.4675pt x 172.1337pt.
)
(C:\Users\Birgitte\Documents\GitHub\Project5\Report_project5\Chapters/Conclusio
n.tex [26 <C:/Users/Birgitte/Documents/GitHub/Project5/Report_project5/Figures/
epsilon_frac.png (PNG copy)> <C:/Users/Birgitte/Documents/GitHub/Project5/Repor
t_project5/Figures/epsilon7_kin.png (PNG copy)> <C:/Users/Birgitte/Documents/Gi
tHub/Project5/Report_project5/Figures/epsilon7_pot.png (PNG copy)>])
(C:\Users\Birgitte\Documents\GitHub\Project5\Report_project5\Report.bbl
[27

] [28

]
bibitemlist

Underfull \hbox (badness 6691) in paragraph at lines 17--21
[]\OT1/ptm/m/n/10.95 ``Project 5, as-tron-omy project, n-body sim-u-la-tion of 
an open galac-tic clus-ter.'' URL:
 []


Underfull \hbox (badness 10000) in paragraph at lines 17--21
[]$\OT1/cmtt/m/n/10.95 https : / / github . com / CompPhysics / ComputationalPh
ysics1 / blob / gh-[]pages / doc /$
 []

) [29]
\tf@toc=\write6
Package atveryend Info: Empty hook `BeforeClearDocument' on input line 46.
Package atveryend Info: Empty hook `AfterLastShipout' on input line 46.
 (C:\Users\Birgitte\Documents\GitHub\Project5\Report_project5\Report.aux)
Package atveryend Info: Executing hook `AtVeryEndDocument' on input line 46.
Package atveryend Info: Executing hook `AtEndAfterFileList' on input line 46.
Package rerunfilecheck Info: File `Report.out' has not changed.
(rerunfilecheck)             Checksum: 556B0F8FAC56AEBE1AD0453CC50BAB1D;1668.

LaTeX Warning: There were undefined references.


LaTeX Warning: There were multiply-defined labels.

Package atveryend Info: Empty hook `AtVeryVeryEnd' on input line 46.
 ) 
Here is how much of TeX's memory you used:
 17529 strings out of 493921
 265638 string characters out of 3147273
 519648 words of memory out of 3000000
 20139 multiletter control sequences out of 15000+200000
 89239 words of font info for 196 fonts, out of 3000000 for 9000
 847 hyphenation exceptions out of 8191
 55i,19n,92p,1577b,1741s stack positions out of 5000i,500n,10000p,200000b,50000s
pdfTeX warning (dest): name{Hfootnote.1} has been referenced but does not exi
st, replaced by a fixed one

{C:/Program Files/MiKTeX 2.9/fonts/enc/dvips/fontname/8r.enc}<C:/Program Files/
MiKTeX 2.9/fonts/type1/public/amsfonts/cm/cmex10.pfb><C:/Program Files/MiKTeX 2
.9/fonts/type1/public/amsfonts/cm/cmmi10.pfb><C:/Program Files/MiKTeX 2.9/fonts
/type1/public/amsfonts/cm/cmr10.pfb><C:/Program Files/MiKTeX 2.9/fonts/type1/pu
blic/amsfonts/cm/cmss9.pfb><C:/Program Files/MiKTeX 2.9/fonts/type1/public/amsf
onts/cm/cmsy10.pfb><C:/Program Files/MiKTeX 2.9/fonts/type1/public/amsfonts/cm/
cmtt10.pfb><C:/Program Files/MiKTeX 2.9/fonts/type1/public/amsfonts/symbols/msa
m10.pfb><C:/Program Files/MiKTeX 2.9/fonts/type1/hoekwater/rsfs/rsfs10.pfb><C:/
Program Files/MiKTeX 2.9/fonts/type1/urw/symbol/usyr.pfb><C:/Program Files/MiKT
eX 2.9/fonts/type1/urw/symbol/usyr.pfb><C:/Program Files/MiKTeX 2.9/fonts/type1
/urw/times/utmb8a.pfb><C:/Program Files/MiKTeX 2.9/fonts/type1/urw/times/utmr8a
.pfb><C:/Program Files/MiKTeX 2.9/fonts/type1/urw/times/utmri8a.pfb>
Output written on Report.pdf (37 pages, 518772 bytes).
PDF statistics:
 665 PDF objects out of 1000 (max. 8388607)
 240 named destinations out of 1000 (max. 500000)
 314 words of extra memory for PDF output out of 10000 (max. 10000000)

